{
  "/Users/anouvene/Documents/DYMA/DEVOPS/Github-actions/Demos/cicd-docker/frontend/src/shared/services/auth.service.ts": {
    "path": "/Users/anouvene/Documents/DYMA/DEVOPS/Github-actions/Demos/cicd-docker/frontend/src/shared/services/auth.service.ts",
    "statementMap": {
      "0": {
        "start": {
          "line": 1,
          "column": 17
        },
        "end": {
          "line": 1,
          "column": 28
        }
      },
      "1": {
        "start": {
          "line": 3,
          "column": 19
        },
        "end": {
          "line": 9,
          "column": 4
        }
      },
      "2": {
        "start": {
          "line": 10,
          "column": 2
        },
        "end": {
          "line": 14,
          "column": 3
        }
      },
      "3": {
        "start": {
          "line": 11,
          "column": 4
        },
        "end": {
          "line": 11,
          "column": 33
        }
      },
      "4": {
        "start": {
          "line": 13,
          "column": 4
        },
        "end": {
          "line": 13,
          "column": 32
        }
      },
      "5": {
        "start": {
          "line": 17,
          "column": 2
        },
        "end": {
          "line": 19,
          "column": 5
        }
      }
    },
    "fnMap": {
      "0": {
        "name": "login",
        "decl": {
          "start": {
            "line": 2,
            "column": 22
          },
          "end": {
            "line": 2,
            "column": 27
          }
        },
        "loc": {
          "start": {
            "line": 2,
            "column": 39
          },
          "end": {
            "line": 15,
            "column": 1
          }
        },
        "line": 2
      },
      "1": {
        "name": "logout",
        "decl": {
          "start": {
            "line": 16,
            "column": 22
          },
          "end": {
            "line": 16,
            "column": 28
          }
        },
        "loc": {
          "start": {
            "line": 16,
            "column": 31
          },
          "end": {
            "line": 20,
            "column": 1
          }
        },
        "line": 16
      }
    },
    "branchMap": {
      "0": {
        "loc": {
          "start": {
            "line": 10,
            "column": 2
          },
          "end": {
            "line": 14,
            "column": 3
          }
        },
        "type": "if",
        "locations": [
          {
            "start": {
              "line": 10,
              "column": 2
            },
            "end": {
              "line": 14,
              "column": 3
            }
          },
          {
            "start": {
              "line": 12,
              "column": 9
            },
            "end": {
              "line": 14,
              "column": 3
            }
          }
        ],
        "line": 10
      }
    },
    "s": {
      "0": 9,
      "1": 1,
      "2": 1,
      "3": 1,
      "4": 0,
      "5": 1
    },
    "f": {
      "0": 1,
      "1": 1
    },
    "b": {
      "0": [
        1,
        0
      ]
    },
    "inputSourceMap": {
      "version": 3,
      "sources": [
        "/Users/anouvene/Documents/DYMA/DEVOPS/Github-actions/Demos/cicd-docker/frontend/src/shared/services/auth.service.ts"
      ],
      "mappings": "AAEA,MAAM,WAAW;AAEjB,sBAAsB,MAAM,WAAqC;AAC/D,QAAM,WAAW,MAAM,MAAM,UAAU;AAAA,IACrC,QAAQ;AAAA,IACR,MAAM,KAAK,UAAU,SAAS;AAAA,IAC9B,SAAS;AAAA,MACP,gBAAgB;AAAA,IAClB;AAAA,EACF,CAAC;AACD,MAAI,SAAS,IAAI;AACf,WAAO,MAAM,SAAS,KAAK;AAAA,EAC7B,OAAO;AACL,UAAM,MAAM,SAAS,KAAK;AAAA,EAC5B;AACF;AAEA,sBAAsB,SAAS;AAC7B,QAAM,MAAM,UAAU;AAAA,IACpB,QAAQ;AAAA,EACV,CAAC;AACH;",
      "names": []
    },
    "_coverageSchema": "1a1c01bbd47fc00a2c39e90264f33305004495a9",
    "hash": "d0100b4fa4a0666fbe51cd7dc29d3e2810a29494"
  },
  "/Users/anouvene/Documents/DYMA/DEVOPS/Github-actions/Demos/cicd-docker/frontend/src/shared/services/user.service.ts": {
    "path": "/Users/anouvene/Documents/DYMA/DEVOPS/Github-actions/Demos/cicd-docker/frontend/src/shared/services/user.service.ts",
    "statementMap": {
      "0": {
        "start": {
          "line": 1,
          "column": 17
        },
        "end": {
          "line": 1,
          "column": 28
        }
      },
      "1": {
        "start": {
          "line": 3,
          "column": 19
        },
        "end": {
          "line": 9,
          "column": 4
        }
      },
      "2": {
        "start": {
          "line": 10,
          "column": 2
        },
        "end": {
          "line": 14,
          "column": 3
        }
      },
      "3": {
        "start": {
          "line": 11,
          "column": 4
        },
        "end": {
          "line": 11,
          "column": 27
        }
      },
      "4": {
        "start": {
          "line": 13,
          "column": 4
        },
        "end": {
          "line": 13,
          "column": 32
        }
      },
      "5": {
        "start": {
          "line": 17,
          "column": 2
        },
        "end": {
          "line": 17,
          "column": 59
        }
      }
    },
    "fnMap": {
      "0": {
        "name": "createUser",
        "decl": {
          "start": {
            "line": 2,
            "column": 22
          },
          "end": {
            "line": 2,
            "column": 32
          }
        },
        "loc": {
          "start": {
            "line": 2,
            "column": 43
          },
          "end": {
            "line": 15,
            "column": 1
          }
        },
        "line": 2
      },
      "1": {
        "name": "fetchCurrentUser",
        "decl": {
          "start": {
            "line": 16,
            "column": 22
          },
          "end": {
            "line": 16,
            "column": 38
          }
        },
        "loc": {
          "start": {
            "line": 16,
            "column": 41
          },
          "end": {
            "line": 18,
            "column": 1
          }
        },
        "line": 16
      }
    },
    "branchMap": {
      "0": {
        "loc": {
          "start": {
            "line": 10,
            "column": 2
          },
          "end": {
            "line": 14,
            "column": 3
          }
        },
        "type": "if",
        "locations": [
          {
            "start": {
              "line": 10,
              "column": 2
            },
            "end": {
              "line": 14,
              "column": 3
            }
          },
          {
            "start": {
              "line": 12,
              "column": 9
            },
            "end": {
              "line": 14,
              "column": 3
            }
          }
        ],
        "line": 10
      }
    },
    "s": {
      "0": 9,
      "1": 1,
      "2": 1,
      "3": 1,
      "4": 0,
      "5": 9
    },
    "f": {
      "0": 1,
      "1": 9
    },
    "b": {
      "0": [
        1,
        0
      ]
    },
    "inputSourceMap": {
      "version": 3,
      "sources": [
        "/Users/anouvene/Documents/DYMA/DEVOPS/Github-actions/Demos/cicd-docker/frontend/src/shared/services/user.service.ts"
      ],
      "mappings": "AAEA,MAAM,WAAW;AAEjB,sBAAsB,WAAW,UAAyB;AACxD,QAAM,WAAW,MAAM,MAAM,UAAU;AAAA,IACrC,QAAQ;AAAA,IACR,MAAM,KAAK,UAAU,QAAQ;AAAA,IAC7B,SAAS;AAAA,MACP,gBAAgB;AAAA,IAClB;AAAA,EACF,CAAC;AACD,MAAI,SAAS,IAAI;AACf,WAAO,SAAS,KAAK;AAAA,EACvB,OAAO;AACL,UAAM,MAAM,SAAS,KAAK;AAAA,EAC5B;AACF;AAEA,sBAAsB,mBAAyC;AAC7D,SAAO,OAAO,MAAM,MAAM,GAAG,QAAQ,UAAU,GAAG,KAAK;AACzD;",
      "names": []
    },
    "_coverageSchema": "1a1c01bbd47fc00a2c39e90264f33305004495a9",
    "hash": "f81eb099341eb742e7e4bd585283c14c36131898"
  },
  "/Users/anouvene/Documents/DYMA/DEVOPS/Github-actions/Demos/cicd-docker/frontend/src/shared/services/index.ts": {
    "path": "/Users/anouvene/Documents/DYMA/DEVOPS/Github-actions/Demos/cicd-docker/frontend/src/shared/services/index.ts",
    "statementMap": {},
    "fnMap": {},
    "branchMap": {},
    "s": {},
    "f": {},
    "b": {},
    "inputSourceMap": {
      "version": 3,
      "sources": [
        "/Users/anouvene/Documents/DYMA/DEVOPS/Github-actions/Demos/cicd-docker/frontend/src/shared/services/index.ts"
      ],
      "mappings": "AAAA,cAAc;AACd,cAAc;",
      "names": []
    },
    "_coverageSchema": "1a1c01bbd47fc00a2c39e90264f33305004495a9",
    "hash": "571c7549c2f354f96e923967364dc1e23e152cb2"
  },
  "/Users/anouvene/Documents/DYMA/DEVOPS/Github-actions/Demos/cicd-docker/frontend/src/shared/stores/userStore.ts": {
    "path": "/Users/anouvene/Documents/DYMA/DEVOPS/Github-actions/Demos/cicd-docker/frontend/src/shared/stores/userStore.ts",
    "statementMap": {
      "0": {
        "start": {
          "line": 3,
          "column": 23
        },
        "end": {
          "line": 32,
          "column": 2
        }
      },
      "1": {
        "start": {
          "line": 4,
          "column": 16
        },
        "end": {
          "line": 7,
          "column": 3
        }
      },
      "2": {
        "start": {
          "line": 10,
          "column": 6
        },
        "end": {
          "line": 16,
          "column": 7
        }
      },
      "3": {
        "start": {
          "line": 11,
          "column": 8
        },
        "end": {
          "line": 11,
          "column": 20
        }
      },
      "4": {
        "start": {
          "line": 12,
          "column": 13
        },
        "end": {
          "line": 16,
          "column": 7
        }
      },
      "5": {
        "start": {
          "line": 13,
          "column": 8
        },
        "end": {
          "line": 13,
          "column": 21
        }
      },
      "6": {
        "start": {
          "line": 15,
          "column": 8
        },
        "end": {
          "line": 15,
          "column": 20
        }
      },
      "7": {
        "start": {
          "line": 21,
          "column": 6
        },
        "end": {
          "line": 21,
          "column": 48
        }
      },
      "8": {
        "start": {
          "line": 24,
          "column": 6
        },
        "end": {
          "line": 24,
          "column": 21
        }
      },
      "9": {
        "start": {
          "line": 25,
          "column": 6
        },
        "end": {
          "line": 25,
          "column": 30
        }
      },
      "10": {
        "start": {
          "line": 28,
          "column": 6
        },
        "end": {
          "line": 28,
          "column": 50
        }
      },
      "11": {
        "start": {
          "line": 29,
          "column": 6
        },
        "end": {
          "line": 29,
          "column": 25
        }
      }
    },
    "fnMap": {
      "0": {
        "name": "(anonymous_0)",
        "decl": {
          "start": {
            "line": 4,
            "column": 9
          },
          "end": {
            "line": 4,
            "column": 10
          }
        },
        "loc": {
          "start": {
            "line": 4,
            "column": 16
          },
          "end": {
            "line": 7,
            "column": 3
          }
        },
        "line": 4
      },
      "1": {
        "name": "(anonymous_1)",
        "decl": {
          "start": {
            "line": 9,
            "column": 4
          },
          "end": {
            "line": 9,
            "column": 5
          }
        },
        "loc": {
          "start": {
            "line": 9,
            "column": 27
          },
          "end": {
            "line": 17,
            "column": 5
          }
        },
        "line": 9
      },
      "2": {
        "name": "(anonymous_2)",
        "decl": {
          "start": {
            "line": 20,
            "column": 4
          },
          "end": {
            "line": 20,
            "column": 5
          }
        },
        "loc": {
          "start": {
            "line": 20,
            "column": 27
          },
          "end": {
            "line": 22,
            "column": 5
          }
        },
        "line": 20
      },
      "3": {
        "name": "(anonymous_3)",
        "decl": {
          "start": {
            "line": 23,
            "column": 4
          },
          "end": {
            "line": 23,
            "column": 5
          }
        },
        "loc": {
          "start": {
            "line": 23,
            "column": 19
          },
          "end": {
            "line": 26,
            "column": 5
          }
        },
        "line": 23
      },
      "4": {
        "name": "(anonymous_4)",
        "decl": {
          "start": {
            "line": 27,
            "column": 4
          },
          "end": {
            "line": 27,
            "column": 5
          }
        },
        "loc": {
          "start": {
            "line": 27,
            "column": 29
          },
          "end": {
            "line": 30,
            "column": 5
          }
        },
        "line": 27
      }
    },
    "branchMap": {
      "0": {
        "loc": {
          "start": {
            "line": 10,
            "column": 6
          },
          "end": {
            "line": 16,
            "column": 7
          }
        },
        "type": "if",
        "locations": [
          {
            "start": {
              "line": 10,
              "column": 6
            },
            "end": {
              "line": 16,
              "column": 7
            }
          },
          {
            "start": {
              "line": 12,
              "column": 13
            },
            "end": {
              "line": 16,
              "column": 7
            }
          }
        ],
        "line": 10
      },
      "1": {
        "loc": {
          "start": {
            "line": 12,
            "column": 13
          },
          "end": {
            "line": 16,
            "column": 7
          }
        },
        "type": "if",
        "locations": [
          {
            "start": {
              "line": 12,
              "column": 13
            },
            "end": {
              "line": 16,
              "column": 7
            }
          },
          {
            "start": {
              "line": 14,
              "column": 13
            },
            "end": {
              "line": 16,
              "column": 7
            }
          }
        ],
        "line": 12
      },
      "2": {
        "loc": {
          "start": {
            "line": 12,
            "column": 17
          },
          "end": {
            "line": 12,
            "column": 51
          }
        },
        "type": "binary-expr",
        "locations": [
          {
            "start": {
              "line": 12,
              "column": 17
            },
            "end": {
              "line": 12,
              "column": 35
            }
          },
          {
            "start": {
              "line": 12,
              "column": 39
            },
            "end": {
              "line": 12,
              "column": 51
            }
          }
        ],
        "line": 12
      }
    },
    "s": {
      "0": 9,
      "1": 9,
      "2": 20,
      "3": 3,
      "4": 17,
      "5": 8,
      "6": 9,
      "7": 1,
      "8": 1,
      "9": 1,
      "10": 9,
      "11": 9
    },
    "f": {
      "0": 9,
      "1": 20,
      "2": 1,
      "3": 1,
      "4": 9
    },
    "b": {
      "0": [
        3,
        17
      ],
      "1": [
        8,
        9
      ],
      "2": [
        17,
        17
      ]
    },
    "inputSourceMap": {
      "version": 3,
      "sources": [
        "/Users/anouvene/Documents/DYMA/DEVOPS/Github-actions/Demos/cicd-docker/frontend/src/shared/stores/userStore.ts"
      ],
      "mappings": "AAAA,SAAS,mBAAmB;AAE5B,SAAS,kBAAkB,OAAO,cAAc;AAOzC,aAAM,UAAU,YAAY,QAAQ;AAAA,EACzC,OAAO,OAAkB;AAAA,IACvB,aAAa;AAAA,IACb,QAAQ;AAAA,EACV;AAAA,EACA,SAAS;AAAA,IACP,gBAAgB,OAAuB;AACrC,UAAI,MAAM,aAAa;AACrB,eAAO;AAAA,MACT,WAAW,CAAC,MAAM,eAAe,MAAM,QAAQ;AAC7C,eAAO;AAAA,MACT,OAAO;AACL,eAAO;AAAA,MACT;AAAA,IACF;AAAA,EACF;AAAA,EACA,SAAS;AAAA,IACP,MAAM,MAAM,WAAsB;AAChC,WAAK,cAAc,MAAM,MAAM,SAAS;AAAA,IAC1C;AAAA,IACA,MAAM,SAAS;AACb,YAAM,OAAO;AACb,WAAK,cAAc;AAAA,IACrB;AAAA,IACA,MAAM,mBAAmB;AACvB,WAAK,cAAc,MAAM,iBAAiB;AAC1C,WAAK,SAAS;AAAA,IAChB;AAAA,EACF;AACF,CAAC;",
      "names": []
    },
    "_coverageSchema": "1a1c01bbd47fc00a2c39e90264f33305004495a9",
    "hash": "c63cd95166b912e39433ab59a1f94b84dd2a2069"
  },
  "/Users/anouvene/Documents/DYMA/DEVOPS/Github-actions/Demos/cicd-docker/frontend/src/shared/stores/index.ts": {
    "path": "/Users/anouvene/Documents/DYMA/DEVOPS/Github-actions/Demos/cicd-docker/frontend/src/shared/stores/index.ts",
    "statementMap": {},
    "fnMap": {},
    "branchMap": {},
    "s": {},
    "f": {},
    "b": {},
    "inputSourceMap": {
      "version": 3,
      "sources": [
        "/Users/anouvene/Documents/DYMA/DEVOPS/Github-actions/Demos/cicd-docker/frontend/src/shared/stores/index.ts"
      ],
      "mappings": "AAAA,cAAc;",
      "names": []
    },
    "_coverageSchema": "1a1c01bbd47fc00a2c39e90264f33305004495a9",
    "hash": "1bc51aaac71f778bb98ca335164c748e3692c97a"
  },
  "/Users/anouvene/Documents/DYMA/DEVOPS/Github-actions/Demos/cicd-docker/frontend/src/shared/guards/auth.guards.ts": {
    "path": "/Users/anouvene/Documents/DYMA/DEVOPS/Github-actions/Demos/cicd-docker/frontend/src/shared/guards/auth.guards.ts",
    "statementMap": {
      "0": {
        "start": {
          "line": 3,
          "column": 20
        },
        "end": {
          "line": 3,
          "column": 29
        }
      },
      "1": {
        "start": {
          "line": 4,
          "column": 2
        },
        "end": {
          "line": 6,
          "column": 3
        }
      },
      "2": {
        "start": {
          "line": 5,
          "column": 4
        },
        "end": {
          "line": 5,
          "column": 24
        }
      },
      "3": {
        "start": {
          "line": 9,
          "column": 20
        },
        "end": {
          "line": 9,
          "column": 29
        }
      },
      "4": {
        "start": {
          "line": 10,
          "column": 2
        },
        "end": {
          "line": 12,
          "column": 3
        }
      },
      "5": {
        "start": {
          "line": 11,
          "column": 4
        },
        "end": {
          "line": 11,
          "column": 15
        }
      }
    },
    "fnMap": {
      "0": {
        "name": "isAuthenticatedGuard",
        "decl": {
          "start": {
            "line": 2,
            "column": 16
          },
          "end": {
            "line": 2,
            "column": 36
          }
        },
        "loc": {
          "start": {
            "line": 2,
            "column": 39
          },
          "end": {
            "line": 7,
            "column": 1
          }
        },
        "line": 2
      },
      "1": {
        "name": "isNotAuthenticatedGuard",
        "decl": {
          "start": {
            "line": 8,
            "column": 16
          },
          "end": {
            "line": 8,
            "column": 39
          }
        },
        "loc": {
          "start": {
            "line": 8,
            "column": 42
          },
          "end": {
            "line": 13,
            "column": 1
          }
        },
        "line": 8
      }
    },
    "branchMap": {
      "0": {
        "loc": {
          "start": {
            "line": 4,
            "column": 2
          },
          "end": {
            "line": 6,
            "column": 3
          }
        },
        "type": "if",
        "locations": [
          {
            "start": {
              "line": 4,
              "column": 2
            },
            "end": {
              "line": 6,
              "column": 3
            }
          },
          {
            "start": {},
            "end": {}
          }
        ],
        "line": 4
      },
      "1": {
        "loc": {
          "start": {
            "line": 10,
            "column": 2
          },
          "end": {
            "line": 12,
            "column": 3
          }
        },
        "type": "if",
        "locations": [
          {
            "start": {
              "line": 10,
              "column": 2
            },
            "end": {
              "line": 12,
              "column": 3
            }
          },
          {
            "start": {},
            "end": {}
          }
        ],
        "line": 10
      }
    },
    "s": {
      "0": 3,
      "1": 3,
      "2": 0,
      "3": 6,
      "4": 6,
      "5": 0
    },
    "f": {
      "0": 3,
      "1": 6
    },
    "b": {
      "0": [
        0,
        3
      ],
      "1": [
        0,
        6
      ]
    },
    "inputSourceMap": {
      "version": 3,
      "sources": [
        "/Users/anouvene/Documents/DYMA/DEVOPS/Github-actions/Demos/cicd-docker/frontend/src/shared/guards/auth.guards.ts"
      ],
      "mappings": "AAAA,SAAS,eAAe;AAEjB,gBAAS,uBAAuB;AACrC,QAAM,YAAY,QAAQ;AAC1B,MAAI,CAAC,UAAU,iBAAiB;AAC9B,WAAO;AAAA,EACT;AACF;AAEO,gBAAS,0BAA0B;AACxC,QAAM,YAAY,QAAQ;AAC1B,MAAI,UAAU,iBAAiB;AAC7B,WAAO;AAAA,EACT;AACF;",
      "names": []
    },
    "_coverageSchema": "1a1c01bbd47fc00a2c39e90264f33305004495a9",
    "hash": "5e5e37392a0c5b6d6c3599920f98f4fbe11d512b"
  },
  "/Users/anouvene/Documents/DYMA/DEVOPS/Github-actions/Demos/cicd-docker/frontend/src/shared/guards/index.ts": {
    "path": "/Users/anouvene/Documents/DYMA/DEVOPS/Github-actions/Demos/cicd-docker/frontend/src/shared/guards/index.ts",
    "statementMap": {},
    "fnMap": {},
    "branchMap": {},
    "s": {},
    "f": {},
    "b": {},
    "inputSourceMap": {
      "version": 3,
      "sources": [
        "/Users/anouvene/Documents/DYMA/DEVOPS/Github-actions/Demos/cicd-docker/frontend/src/shared/guards/index.ts"
      ],
      "mappings": "AAAA,cAAc;",
      "names": []
    },
    "_coverageSchema": "1a1c01bbd47fc00a2c39e90264f33305004495a9",
    "hash": "be53967c2622e482b9fd251dd05a0c859cf2a1a4"
  },
  "/Users/anouvene/Documents/DYMA/DEVOPS/Github-actions/Demos/cicd-docker/frontend/src/router.ts": {
    "path": "/Users/anouvene/Documents/DYMA/DEVOPS/Github-actions/Demos/cicd-docker/frontend/src/router.ts",
    "statementMap": {
      "0": {
        "start": {
          "line": 4,
          "column": 22
        },
        "end": {
          "line": 31,
          "column": 2
        }
      },
      "1": {
        "start": {
          "line": 9,
          "column": 23
        },
        "end": {
          "line": 9,
          "column": 52
        }
      },
      "2": {
        "start": {
          "line": 14,
          "column": 23
        },
        "end": {
          "line": 14,
          "column": 53
        }
      },
      "3": {
        "start": {
          "line": 19,
          "column": 23
        },
        "end": {
          "line": 19,
          "column": 54
        }
      },
      "4": {
        "start": {
          "line": 24,
          "column": 23
        },
        "end": {
          "line": 24,
          "column": 55
        }
      },
      "5": {
        "start": {
          "line": 28,
          "column": 23
        },
        "end": {
          "line": 28,
          "column": 56
        }
      },
      "6": {
        "start": {
          "line": 32,
          "column": 0
        },
        "end": {
          "line": 37,
          "column": 3
        }
      },
      "7": {
        "start": {
          "line": 33,
          "column": 20
        },
        "end": {
          "line": 33,
          "column": 29
        }
      },
      "8": {
        "start": {
          "line": 34,
          "column": 2
        },
        "end": {
          "line": 36,
          "column": 3
        }
      },
      "9": {
        "start": {
          "line": 35,
          "column": 4
        },
        "end": {
          "line": 35,
          "column": 39
        }
      }
    },
    "fnMap": {
      "0": {
        "name": "(anonymous_0)",
        "decl": {
          "start": {
            "line": 9,
            "column": 17
          },
          "end": {
            "line": 9,
            "column": 18
          }
        },
        "loc": {
          "start": {
            "line": 9,
            "column": 23
          },
          "end": {
            "line": 9,
            "column": 52
          }
        },
        "line": 9
      },
      "1": {
        "name": "(anonymous_1)",
        "decl": {
          "start": {
            "line": 14,
            "column": 17
          },
          "end": {
            "line": 14,
            "column": 18
          }
        },
        "loc": {
          "start": {
            "line": 14,
            "column": 23
          },
          "end": {
            "line": 14,
            "column": 53
          }
        },
        "line": 14
      },
      "2": {
        "name": "(anonymous_2)",
        "decl": {
          "start": {
            "line": 19,
            "column": 17
          },
          "end": {
            "line": 19,
            "column": 18
          }
        },
        "loc": {
          "start": {
            "line": 19,
            "column": 23
          },
          "end": {
            "line": 19,
            "column": 54
          }
        },
        "line": 19
      },
      "3": {
        "name": "(anonymous_3)",
        "decl": {
          "start": {
            "line": 24,
            "column": 17
          },
          "end": {
            "line": 24,
            "column": 18
          }
        },
        "loc": {
          "start": {
            "line": 24,
            "column": 23
          },
          "end": {
            "line": 24,
            "column": 55
          }
        },
        "line": 24
      },
      "4": {
        "name": "(anonymous_4)",
        "decl": {
          "start": {
            "line": 28,
            "column": 17
          },
          "end": {
            "line": 28,
            "column": 18
          }
        },
        "loc": {
          "start": {
            "line": 28,
            "column": 23
          },
          "end": {
            "line": 28,
            "column": 56
          }
        },
        "line": 28
      },
      "5": {
        "name": "(anonymous_5)",
        "decl": {
          "start": {
            "line": 32,
            "column": 18
          },
          "end": {
            "line": 32,
            "column": 19
          }
        },
        "loc": {
          "start": {
            "line": 32,
            "column": 30
          },
          "end": {
            "line": 37,
            "column": 1
          }
        },
        "line": 32
      }
    },
    "branchMap": {
      "0": {
        "loc": {
          "start": {
            "line": 34,
            "column": 2
          },
          "end": {
            "line": 36,
            "column": 3
          }
        },
        "type": "if",
        "locations": [
          {
            "start": {
              "line": 34,
              "column": 2
            },
            "end": {
              "line": 36,
              "column": 3
            }
          },
          {
            "start": {},
            "end": {}
          }
        ],
        "line": 34
      }
    },
    "s": {
      "0": 9,
      "1": 6,
      "2": 4,
      "3": 2,
      "4": 3,
      "5": 0,
      "6": 9,
      "7": 15,
      "8": 15,
      "9": 9
    },
    "f": {
      "0": 6,
      "1": 4,
      "2": 2,
      "3": 3,
      "4": 0,
      "5": 15
    },
    "b": {
      "0": [
        9,
        6
      ]
    },
    "inputSourceMap": {
      "version": 3,
      "sources": [
        "/Users/anouvene/Documents/DYMA/DEVOPS/Github-actions/Demos/cicd-docker/frontend/src/router.ts"
      ],
      "mappings": "AAAA,SAAS,cAAc,wBAAwB;AAC/C,SAAS,sBAAsB,+BAA+B;AAC9D,SAAS,eAAe;AAEjB,aAAM,SAAS,aAAa;AAAA,EACjC,SAAS,iBAAiB;AAAA,EAC1B,QAAQ;AAAA,IACN;AAAA,MACE,MAAM;AAAA,MACN,WAAW,MAAM,OAAO,qBAAqB;AAAA,IAC/C;AAAA,IACA;AAAA,MACE,MAAM;AAAA,MACN,aAAa,CAAC,uBAAuB;AAAA,MACrC,WAAW,MAAM,OAAO,sBAAsB;AAAA,IAChD;AAAA,IACA;AAAA,MACE,MAAM;AAAA,MACN,aAAa,CAAC,uBAAuB;AAAA,MACrC,WAAW,MAAM,OAAO,uBAAuB;AAAA,IACjD;AAAA,IACA;AAAA,MACE,MAAM;AAAA,MACN,aAAa,CAAC,oBAAoB;AAAA,MAClC,WAAW,MAAM,OAAO,wBAAwB;AAAA,IAClD;AAAA,IACA;AAAA,MACE,MAAM;AAAA,MACN,WAAW,MAAM,OAAO,yBAAyB;AAAA,IACnD;AAAA,EACF;AACF,CAAC;AAED,OAAO,WAAW,YAAY;AAC5B,QAAM,YAAY,QAAQ;AAC1B,MAAI,CAAC,UAAU,QAAQ;AACrB,UAAM,UAAU,iBAAiB;AAAA,EACnC;AACF,CAAC;",
      "names": []
    },
    "_coverageSchema": "1a1c01bbd47fc00a2c39e90264f33305004495a9",
    "hash": "d8b42c31c8001783c99a60948f4a840ea3f3c5ef"
  },
  "/Users/anouvene/Documents/DYMA/DEVOPS/Github-actions/Demos/cicd-docker/frontend/src/components/AppHeader.vue": {
    "path": "/Users/anouvene/Documents/DYMA/DEVOPS/Github-actions/Demos/cicd-docker/frontend/src/components/AppHeader.vue",
    "statementMap": {
      "0": {
        "start": {
          "line": 2,
          "column": 34
        },
        "end": {
          "line": 15,
          "column": 2
        }
      },
      "1": {
        "start": {
          "line": 9,
          "column": 4
        },
        "end": {
          "line": 9,
          "column": 15
        }
      },
      "2": {
        "start": {
          "line": 10,
          "column": 17
        },
        "end": {
          "line": 10,
          "column": 23
        }
      },
      "3": {
        "start": {
          "line": 11,
          "column": 25
        },
        "end": {
          "line": 11,
          "column": 33
        }
      },
      "4": {
        "start": {
          "line": 12,
          "column": 4
        },
        "end": {
          "line": 12,
          "column": 95
        }
      },
      "5": {
        "start": {
          "line": 13,
          "column": 4
        },
        "end": {
          "line": 13,
          "column": 24
        }
      },
      "6": {
        "start": {
          "line": 17,
          "column": 19
        },
        "end": {
          "line": 17,
          "column": 82
        }
      },
      "7": {
        "start": {
          "line": 18,
          "column": 19
        },
        "end": {
          "line": 18,
          "column": 76
        }
      },
      "8": {
        "start": {
          "line": 19,
          "column": 19
        },
        "end": {
          "line": 19,
          "column": 66
        }
      },
      "9": {
        "start": {
          "line": 20,
          "column": 19
        },
        "end": {
          "line": 20,
          "column": 37
        }
      },
      "10": {
        "start": {
          "line": 21,
          "column": 19
        },
        "end": {
          "line": 21,
          "column": 37
        }
      },
      "11": {
        "start": {
          "line": 23,
          "column": 33
        },
        "end": {
          "line": 23,
          "column": 65
        }
      },
      "12": {
        "start": {
          "line": 24,
          "column": 2
        },
        "end": {
          "line": 88,
          "column": 5
        }
      },
      "13": {
        "start": {
          "line": 27,
          "column": 32
        },
        "end": {
          "line": 35,
          "column": 10
        }
      },
      "14": {
        "start": {
          "line": 47,
          "column": 38
        },
        "end": {
          "line": 49,
          "column": 16
        }
      },
      "15": {
        "start": {
          "line": 56,
          "column": 59
        },
        "end": {
          "line": 56,
          "column": 80
        }
      },
      "16": {
        "start": {
          "line": 67,
          "column": 38
        },
        "end": {
          "line": 69,
          "column": 16
        }
      },
      "17": {
        "start": {
          "line": 76,
          "column": 38
        },
        "end": {
          "line": 78,
          "column": 16
        }
      },
      "18": {
        "start": {
          "line": 91,
          "column": 0
        },
        "end": {
          "line": 91,
          "column": 31
        }
      },
      "19": {
        "start": {
          "line": 92,
          "column": 0
        },
        "end": {
          "line": 92,
          "column": 109
        }
      },
      "20": {
        "start": {
          "line": 93,
          "column": 0
        },
        "end": {
          "line": 95,
          "column": 3
        }
      },
      "21": {
        "start": {
          "line": 94,
          "column": 2
        },
        "end": {
          "line": 94,
          "column": 42
        }
      },
      "22": {
        "start": {
          "line": 96,
          "column": 0
        },
        "end": {
          "line": 104,
          "column": 3
        }
      },
      "23": {
        "start": {
          "line": 97,
          "column": 2
        },
        "end": {
          "line": 97,
          "column": 19
        }
      },
      "24": {
        "start": {
          "line": 97,
          "column": 12
        },
        "end": {
          "line": 97,
          "column": 19
        }
      },
      "25": {
        "start": {
          "line": 98,
          "column": 47
        },
        "end": {
          "line": 98,
          "column": 50
        }
      },
      "26": {
        "start": {
          "line": 99,
          "column": 2
        },
        "end": {
          "line": 103,
          "column": 3
        }
      },
      "27": {
        "start": {
          "line": 100,
          "column": 4
        },
        "end": {
          "line": 100,
          "column": 66
        }
      },
      "28": {
        "start": {
          "line": 102,
          "column": 4
        },
        "end": {
          "line": 102,
          "column": 57
        }
      }
    },
    "fnMap": {
      "0": {
        "name": "(anonymous_0)",
        "decl": {
          "start": {
            "line": 8,
            "column": 2
          },
          "end": {
            "line": 8,
            "column": 3
          }
        },
        "loc": {
          "start": {
            "line": 8,
            "column": 53
          },
          "end": {
            "line": 14,
            "column": 3
          }
        },
        "line": 8
      },
      "1": {
        "name": "_sfc_render",
        "decl": {
          "start": {
            "line": 22,
            "column": 9
          },
          "end": {
            "line": 22,
            "column": 20
          }
        },
        "loc": {
          "start": {
            "line": 22,
            "column": 68
          },
          "end": {
            "line": 89,
            "column": 1
          }
        },
        "line": 22
      },
      "2": {
        "name": "(anonymous_2)",
        "decl": {
          "start": {
            "line": 27,
            "column": 26
          },
          "end": {
            "line": 27,
            "column": 27
          }
        },
        "loc": {
          "start": {
            "line": 27,
            "column": 32
          },
          "end": {
            "line": 35,
            "column": 10
          }
        },
        "line": 27
      },
      "3": {
        "name": "(anonymous_3)",
        "decl": {
          "start": {
            "line": 47,
            "column": 32
          },
          "end": {
            "line": 47,
            "column": 33
          }
        },
        "loc": {
          "start": {
            "line": 47,
            "column": 38
          },
          "end": {
            "line": 49,
            "column": 16
          }
        },
        "line": 47
      },
      "4": {
        "name": "(anonymous_4)",
        "decl": {
          "start": {
            "line": 56,
            "column": 47
          },
          "end": {
            "line": 56,
            "column": 48
          }
        },
        "loc": {
          "start": {
            "line": 56,
            "column": 59
          },
          "end": {
            "line": 56,
            "column": 80
          }
        },
        "line": 56
      },
      "5": {
        "name": "(anonymous_5)",
        "decl": {
          "start": {
            "line": 67,
            "column": 32
          },
          "end": {
            "line": 67,
            "column": 33
          }
        },
        "loc": {
          "start": {
            "line": 67,
            "column": 38
          },
          "end": {
            "line": 69,
            "column": 16
          }
        },
        "line": 67
      },
      "6": {
        "name": "(anonymous_6)",
        "decl": {
          "start": {
            "line": 76,
            "column": 32
          },
          "end": {
            "line": 76,
            "column": 33
          }
        },
        "loc": {
          "start": {
            "line": 76,
            "column": 38
          },
          "end": {
            "line": 78,
            "column": 16
          }
        },
        "line": 76
      },
      "7": {
        "name": "(anonymous_7)",
        "decl": {
          "start": {
            "line": 93,
            "column": 35
          },
          "end": {
            "line": 93,
            "column": 36
          }
        },
        "loc": {
          "start": {
            "line": 93,
            "column": 49
          },
          "end": {
            "line": 95,
            "column": 1
          }
        },
        "line": 93
      },
      "8": {
        "name": "(anonymous_8)",
        "decl": {
          "start": {
            "line": 96,
            "column": 23
          },
          "end": {
            "line": 96,
            "column": 24
          }
        },
        "loc": {
          "start": {
            "line": 96,
            "column": 32
          },
          "end": {
            "line": 104,
            "column": 1
          }
        },
        "line": 96
      }
    },
    "branchMap": {
      "0": {
        "loc": {
          "start": {
            "line": 27,
            "column": 32
          },
          "end": {
            "line": 35,
            "column": 10
          }
        },
        "type": "binary-expr",
        "locations": [
          {
            "start": {
              "line": 27,
              "column": 32
            },
            "end": {
              "line": 27,
              "column": 41
            }
          },
          {
            "start": {
              "line": 27,
              "column": 46
            },
            "end": {
              "line": 35,
              "column": 9
            }
          }
        ],
        "line": 27
      },
      "1": {
        "loc": {
          "start": {
            "line": 41,
            "column": 6
          },
          "end": {
            "line": 86,
            "column": 44
          }
        },
        "type": "cond-expr",
        "locations": [
          {
            "start": {
              "line": 41,
              "column": 32
            },
            "end": {
              "line": 61,
              "column": 7
            }
          },
          {
            "start": {
              "line": 61,
              "column": 11
            },
            "end": {
              "line": 86,
              "column": 44
            }
          }
        ],
        "line": 41
      },
      "2": {
        "loc": {
          "start": {
            "line": 47,
            "column": 38
          },
          "end": {
            "line": 49,
            "column": 16
          }
        },
        "type": "binary-expr",
        "locations": [
          {
            "start": {
              "line": 47,
              "column": 38
            },
            "end": {
              "line": 47,
              "column": 47
            }
          },
          {
            "start": {
              "line": 47,
              "column": 52
            },
            "end": {
              "line": 49,
              "column": 15
            }
          }
        ],
        "line": 47
      },
      "3": {
        "loc": {
          "start": {
            "line": 56,
            "column": 21
          },
          "end": {
            "line": 56,
            "column": 81
          }
        },
        "type": "binary-expr",
        "locations": [
          {
            "start": {
              "line": 56,
              "column": 21
            },
            "end": {
              "line": 56,
              "column": 30
            }
          },
          {
            "start": {
              "line": 56,
              "column": 35
            },
            "end": {
              "line": 56,
              "column": 80
            }
          }
        ],
        "line": 56
      },
      "4": {
        "loc": {
          "start": {
            "line": 61,
            "column": 11
          },
          "end": {
            "line": 86,
            "column": 44
          }
        },
        "type": "cond-expr",
        "locations": [
          {
            "start": {
              "line": 61,
              "column": 47
            },
            "end": {
              "line": 86,
              "column": 7
            }
          },
          {
            "start": {
              "line": 86,
              "column": 11
            },
            "end": {
              "line": 86,
              "column": 44
            }
          }
        ],
        "line": 61
      },
      "5": {
        "loc": {
          "start": {
            "line": 67,
            "column": 38
          },
          "end": {
            "line": 69,
            "column": 16
          }
        },
        "type": "binary-expr",
        "locations": [
          {
            "start": {
              "line": 67,
              "column": 38
            },
            "end": {
              "line": 67,
              "column": 47
            }
          },
          {
            "start": {
              "line": 67,
              "column": 52
            },
            "end": {
              "line": 69,
              "column": 15
            }
          }
        ],
        "line": 67
      },
      "6": {
        "loc": {
          "start": {
            "line": 76,
            "column": 38
          },
          "end": {
            "line": 78,
            "column": 16
          }
        },
        "type": "binary-expr",
        "locations": [
          {
            "start": {
              "line": 76,
              "column": 38
            },
            "end": {
              "line": 76,
              "column": 47
            }
          },
          {
            "start": {
              "line": 76,
              "column": 52
            },
            "end": {
              "line": 78,
              "column": 15
            }
          }
        ],
        "line": 76
      },
      "7": {
        "loc": {
          "start": {
            "line": 92,
            "column": 0
          },
          "end": {
            "line": 92,
            "column": 108
          }
        },
        "type": "binary-expr",
        "locations": [
          {
            "start": {
              "line": 92,
              "column": 0
            },
            "end": {
              "line": 92,
              "column": 42
            }
          },
          {
            "start": {
              "line": 92,
              "column": 46
            },
            "end": {
              "line": 92,
              "column": 108
            }
          }
        ],
        "line": 92
      },
      "8": {
        "loc": {
          "start": {
            "line": 97,
            "column": 2
          },
          "end": {
            "line": 97,
            "column": 19
          }
        },
        "type": "if",
        "locations": [
          {
            "start": {
              "line": 97,
              "column": 2
            },
            "end": {
              "line": 97,
              "column": 19
            }
          },
          {
            "start": {},
            "end": {}
          }
        ],
        "line": 97
      },
      "9": {
        "loc": {
          "start": {
            "line": 99,
            "column": 2
          },
          "end": {
            "line": 103,
            "column": 3
          }
        },
        "type": "if",
        "locations": [
          {
            "start": {
              "line": 99,
              "column": 2
            },
            "end": {
              "line": 103,
              "column": 3
            }
          },
          {
            "start": {
              "line": 101,
              "column": 9
            },
            "end": {
              "line": 103,
              "column": 3
            }
          }
        ],
        "line": 99
      }
    },
    "s": {
      "0": 9,
      "1": 9,
      "2": 9,
      "3": 9,
      "4": 9,
      "5": 9,
      "6": 9,
      "7": 9,
      "8": 9,
      "9": 9,
      "10": 9,
      "11": 20,
      "12": 20,
      "13": 18,
      "14": 6,
      "15": 1,
      "16": 12,
      "17": 11,
      "18": 9,
      "19": 9,
      "20": 9,
      "21": 0,
      "22": 9,
      "23": 0,
      "24": 0,
      "25": 0,
      "26": 0,
      "27": 0,
      "28": 0
    },
    "f": {
      "0": 9,
      "1": 20,
      "2": 18,
      "3": 6,
      "4": 1,
      "5": 12,
      "6": 11,
      "7": 0,
      "8": 0
    },
    "b": {
      "0": [
        18,
        9
      ],
      "1": [
        3,
        17
      ],
      "2": [
        6,
        3
      ],
      "3": [
        3,
        3
      ],
      "4": [
        8,
        9
      ],
      "5": [
        12,
        8
      ],
      "6": [
        11,
        8
      ],
      "7": [
        9,
        9
      ],
      "8": [
        0,
        0
      ],
      "9": [
        0,
        0
      ]
    },
    "inputSourceMap": {
      "version": 3,
      "mappings": ";;;;;;;;;AAKA,UAAM,OAAO;;;;;;;qBAMN,OAAM,qDAAoD;qBACxD,OAAM,+CAA8C;qBAKrD,OAAM,qCAAoC;qBAEtC,OAAM,QAAO;qBAMb,OAAM,QAAO;;;uBAdvB,oBAsBM,OAtBN,YAsBM;AAAA,IArBJ,oBAIM,OAJN,YAIM;AAAA,MAHJ,aAEc,0BAFD,IAAG,IAAG;AAAA,QAbzB,kBAcQ,MAAoB;AAAA,UAApB;AAAA,YAAoB;AAAA;AAAA,YAAhB;AAAA,YAAW;AAAA;AAAA;AAAA;QAdvB;AAAA;AAAA;;IAiBI,oBAeK,MAfL,YAeK;AAAA,MAda,wCAAhB;AAAA,QAKW;AAAA,UAvBjB;AAAA;AAAA,UAmBQ,oBAEK,MAFL,YAEK;AAAA,YADH,aAAkD,0BAArC,IAAG,UAAS;AAAA,cApBnC,kBAoBoC,MAAU;AAAA,gBApB9C,iBAoBoC,YAAU;AAAA;cApB9C;AAAA;AAAA;;UAsBQ,oBAA6D;AAAA,YAAzD,WAAQ;AAAA,YAAU,SAAK,sCAAE,YAAI;AAAA,aAAY,gBAAW;AAAA;;;WAErC,2BAAe,uBAApC;AAAA,QAOW;AAAA,UA/BjB;AAAA;AAAA,UAyBQ,oBAEK,MAFL,YAEK;AAAA,YADH,aAAoD,0BAAvC,IAAG,aAAY;AAAA,cA1BtC,kBA0BuC,MAAS;AAAA,gBA1BhD,iBA0BuC,WAAS;AAAA;cA1BhD;AAAA;AAAA;;UA4BQ,oBAEK;AAAA,YADH,aAAwD,0BAA3C,IAAG,eAAc;AAAA,cA7BxC,kBA6ByC,MAAW;AAAA,gBA7BpD,iBA6ByC,aAAW;AAAA;cA7BpD;AAAA;AAAA;;;;;WAAA;AAAA",
      "names": [],
      "ignoreList": [],
      "sources": [
        "/Users/anouvene/Documents/DYMA/DEVOPS/Github-actions/Demos/cicd-docker/frontend/src/components/AppHeader.vue"
      ],
      "file": "/Users/anouvene/Documents/DYMA/DEVOPS/Github-actions/Demos/cicd-docker/frontend/src/components/AppHeader.vue"
    },
    "_coverageSchema": "1a1c01bbd47fc00a2c39e90264f33305004495a9",
    "hash": "1aa267b7b007449ae997b81ce47ade3bd7847e7e"
  },
  "/Users/anouvene/Documents/DYMA/DEVOPS/Github-actions/Demos/cicd-docker/frontend/src/App.vue": {
    "path": "/Users/anouvene/Documents/DYMA/DEVOPS/Github-actions/Demos/cicd-docker/frontend/src/App.vue",
    "statementMap": {
      "0": {
        "start": {
          "line": 5,
          "column": 34
        },
        "end": {
          "line": 19,
          "column": 2
        }
      },
      "1": {
        "start": {
          "line": 8,
          "column": 4
        },
        "end": {
          "line": 8,
          "column": 15
        }
      },
      "2": {
        "start": {
          "line": 9,
          "column": 22
        },
        "end": {
          "line": 9,
          "column": 31
        }
      },
      "3": {
        "start": {
          "line": 10,
          "column": 19
        },
        "end": {
          "line": 10,
          "column": 30
        }
      },
      "4": {
        "start": {
          "line": 12,
          "column": 6
        },
        "end": {
          "line": 12,
          "column": 31
        }
      },
      "5": {
        "start": {
          "line": 13,
          "column": 6
        },
        "end": {
          "line": 13,
          "column": 32
        }
      },
      "6": {
        "start": {
          "line": 15,
          "column": 25
        },
        "end": {
          "line": 15,
          "column": 65
        }
      },
      "7": {
        "start": {
          "line": 16,
          "column": 4
        },
        "end": {
          "line": 16,
          "column": 95
        }
      },
      "8": {
        "start": {
          "line": 17,
          "column": 4
        },
        "end": {
          "line": 17,
          "column": 24
        }
      },
      "9": {
        "start": {
          "line": 21,
          "column": 19
        },
        "end": {
          "line": 21,
          "column": 64
        }
      },
      "10": {
        "start": {
          "line": 23,
          "column": 33
        },
        "end": {
          "line": 23,
          "column": 65
        }
      },
      "11": {
        "start": {
          "line": 24,
          "column": 2
        },
        "end": {
          "line": 30,
          "column": 5
        }
      },
      "12": {
        "start": {
          "line": 33,
          "column": 0
        },
        "end": {
          "line": 33,
          "column": 31
        }
      },
      "13": {
        "start": {
          "line": 34,
          "column": 0
        },
        "end": {
          "line": 34,
          "column": 109
        }
      },
      "14": {
        "start": {
          "line": 35,
          "column": 0
        },
        "end": {
          "line": 37,
          "column": 3
        }
      },
      "15": {
        "start": {
          "line": 36,
          "column": 2
        },
        "end": {
          "line": 36,
          "column": 42
        }
      },
      "16": {
        "start": {
          "line": 38,
          "column": 0
        },
        "end": {
          "line": 46,
          "column": 3
        }
      },
      "17": {
        "start": {
          "line": 39,
          "column": 2
        },
        "end": {
          "line": 39,
          "column": 19
        }
      },
      "18": {
        "start": {
          "line": 39,
          "column": 12
        },
        "end": {
          "line": 39,
          "column": 19
        }
      },
      "19": {
        "start": {
          "line": 40,
          "column": 47
        },
        "end": {
          "line": 40,
          "column": 50
        }
      },
      "20": {
        "start": {
          "line": 41,
          "column": 2
        },
        "end": {
          "line": 45,
          "column": 3
        }
      },
      "21": {
        "start": {
          "line": 42,
          "column": 4
        },
        "end": {
          "line": 42,
          "column": 66
        }
      },
      "22": {
        "start": {
          "line": 44,
          "column": 4
        },
        "end": {
          "line": 44,
          "column": 57
        }
      }
    },
    "fnMap": {
      "0": {
        "name": "(anonymous_0)",
        "decl": {
          "start": {
            "line": 7,
            "column": 2
          },
          "end": {
            "line": 7,
            "column": 3
          }
        },
        "loc": {
          "start": {
            "line": 7,
            "column": 39
          },
          "end": {
            "line": 18,
            "column": 3
          }
        },
        "line": 7
      },
      "1": {
        "name": "logout",
        "decl": {
          "start": {
            "line": 11,
            "column": 19
          },
          "end": {
            "line": 11,
            "column": 25
          }
        },
        "loc": {
          "start": {
            "line": 11,
            "column": 28
          },
          "end": {
            "line": 14,
            "column": 5
          }
        },
        "line": 11
      },
      "2": {
        "name": "_sfc_render",
        "decl": {
          "start": {
            "line": 22,
            "column": 9
          },
          "end": {
            "line": 22,
            "column": 20
          }
        },
        "loc": {
          "start": {
            "line": 22,
            "column": 68
          },
          "end": {
            "line": 31,
            "column": 1
          }
        },
        "line": 22
      },
      "3": {
        "name": "(anonymous_3)",
        "decl": {
          "start": {
            "line": 35,
            "column": 35
          },
          "end": {
            "line": 35,
            "column": 36
          }
        },
        "loc": {
          "start": {
            "line": 35,
            "column": 49
          },
          "end": {
            "line": 37,
            "column": 1
          }
        },
        "line": 35
      },
      "4": {
        "name": "(anonymous_4)",
        "decl": {
          "start": {
            "line": 38,
            "column": 23
          },
          "end": {
            "line": 38,
            "column": 24
          }
        },
        "loc": {
          "start": {
            "line": 38,
            "column": 32
          },
          "end": {
            "line": 46,
            "column": 1
          }
        },
        "line": 38
      }
    },
    "branchMap": {
      "0": {
        "loc": {
          "start": {
            "line": 34,
            "column": 0
          },
          "end": {
            "line": 34,
            "column": 108
          }
        },
        "type": "binary-expr",
        "locations": [
          {
            "start": {
              "line": 34,
              "column": 0
            },
            "end": {
              "line": 34,
              "column": 42
            }
          },
          {
            "start": {
              "line": 34,
              "column": 46
            },
            "end": {
              "line": 34,
              "column": 108
            }
          }
        ],
        "line": 34
      },
      "1": {
        "loc": {
          "start": {
            "line": 39,
            "column": 2
          },
          "end": {
            "line": 39,
            "column": 19
          }
        },
        "type": "if",
        "locations": [
          {
            "start": {
              "line": 39,
              "column": 2
            },
            "end": {
              "line": 39,
              "column": 19
            }
          },
          {
            "start": {},
            "end": {}
          }
        ],
        "line": 39
      },
      "2": {
        "loc": {
          "start": {
            "line": 41,
            "column": 2
          },
          "end": {
            "line": 45,
            "column": 3
          }
        },
        "type": "if",
        "locations": [
          {
            "start": {
              "line": 41,
              "column": 2
            },
            "end": {
              "line": 45,
              "column": 3
            }
          },
          {
            "start": {
              "line": 43,
              "column": 9
            },
            "end": {
              "line": 45,
              "column": 3
            }
          }
        ],
        "line": 41
      }
    },
    "s": {
      "0": 9,
      "1": 9,
      "2": 9,
      "3": 9,
      "4": 1,
      "5": 1,
      "6": 9,
      "7": 9,
      "8": 9,
      "9": 9,
      "10": 20,
      "11": 20,
      "12": 9,
      "13": 9,
      "14": 9,
      "15": 0,
      "16": 9,
      "17": 0,
      "18": 0,
      "19": 0,
      "20": 0,
      "21": 0,
      "22": 0
    },
    "f": {
      "0": 9,
      "1": 1,
      "2": 20,
      "3": 0,
      "4": 0
    },
    "b": {
      "0": [
        9,
        9
      ],
      "1": [
        0,
        0
      ],
      "2": [
        0,
        0
      ]
    },
    "inputSourceMap": {
      "version": 3,
      "mappings": ";AACA,OAAO,eAAe;AACtB,SAAS,iBAAiB;AAC1B,SAAS,eAAe;;;;;AAExB,UAAM,YAAY,QAAQ;AAC1B,UAAM,SAAS,UAAU;AAEzB,mBAAe,SAAS;AACtB,YAAM,UAAU,OAAO;AACvB,aAAO,KAAK,YAAY;AAAA,IAC1B;;;;;;;qBAIO,OAAM,mCAAkC;;;uBAA7C,oBAGM,OAHN,YAGM;AAAA,IAFJ,aAA2E;AAAA,MAA/D,iBAAiB,iBAAU;AAAA,MAAkB,UAAQ;AAAA;IACjE,aAA6C,0BAAhC,OAAM,YAAW;AAAA",
      "names": [],
      "ignoreList": [],
      "sources": [
        "/Users/anouvene/Documents/DYMA/DEVOPS/Github-actions/Demos/cicd-docker/frontend/src/App.vue"
      ],
      "file": "/Users/anouvene/Documents/DYMA/DEVOPS/Github-actions/Demos/cicd-docker/frontend/src/App.vue"
    },
    "_coverageSchema": "1a1c01bbd47fc00a2c39e90264f33305004495a9",
    "hash": "368426bfb70fac6b39c40250c8982cfec21d70f8"
  },
  "/Users/anouvene/Documents/DYMA/DEVOPS/Github-actions/Demos/cicd-docker/frontend/src/main.ts": {
    "path": "/Users/anouvene/Documents/DYMA/DEVOPS/Github-actions/Demos/cicd-docker/frontend/src/main.ts",
    "statementMap": {
      "0": {
        "start": {
          "line": 5,
          "column": 12
        },
        "end": {
          "line": 5,
          "column": 26
        }
      },
      "1": {
        "start": {
          "line": 6,
          "column": 0
        },
        "end": {
          "line": 6,
          "column": 23
        }
      },
      "2": {
        "start": {
          "line": 7,
          "column": 0
        },
        "end": {
          "line": 7,
          "column": 16
        }
      },
      "3": {
        "start": {
          "line": 8,
          "column": 0
        },
        "end": {
          "line": 8,
          "column": 18
        }
      }
    },
    "fnMap": {},
    "branchMap": {},
    "s": {
      "0": 9,
      "1": 9,
      "2": 9,
      "3": 9
    },
    "f": {},
    "b": {},
    "inputSourceMap": {
      "version": 3,
      "sources": [
        "/Users/anouvene/Documents/DYMA/DEVOPS/Github-actions/Demos/cicd-docker/frontend/src/main.ts"
      ],
      "mappings": "AAAA,SAAS,iBAAiB;AAC1B,SAAS,mBAAmB;AAC5B,SAAS,cAAc;AACvB,OAAO,SAAS;AAEhB,MAAM,MAAM,UAAU,GAAG;AACzB,IAAI,IAAI,YAAY,CAAC;AACrB,IAAI,IAAI,MAAM;AACd,IAAI,MAAM,MAAM;",
      "names": []
    },
    "_coverageSchema": "1a1c01bbd47fc00a2c39e90264f33305004495a9",
    "hash": "6986741bfc4124b1deed71bb530a9ad00b479ea7"
  },
  "/Users/anouvene/Documents/DYMA/DEVOPS/Github-actions/Demos/cicd-docker/frontend/src/views/AppHome.vue": {
    "path": "/Users/anouvene/Documents/DYMA/DEVOPS/Github-actions/Demos/cicd-docker/frontend/src/views/AppHome.vue",
    "statementMap": {
      "0": {
        "start": {
          "line": 1,
          "column": 18
        },
        "end": {
          "line": 1,
          "column": 20
        }
      },
      "1": {
        "start": {
          "line": 5,
          "column": 2
        },
        "end": {
          "line": 5,
          "column": 64
        }
      },
      "2": {
        "start": {
          "line": 9,
          "column": 0
        },
        "end": {
          "line": 9,
          "column": 30
        }
      },
      "3": {
        "start": {
          "line": 10,
          "column": 0
        },
        "end": {
          "line": 10,
          "column": 108
        }
      },
      "4": {
        "start": {
          "line": 11,
          "column": 0
        },
        "end": {
          "line": 13,
          "column": 2
        }
      },
      "5": {
        "start": {
          "line": 12,
          "column": 2
        },
        "end": {
          "line": 12,
          "column": 41
        }
      },
      "6": {
        "start": {
          "line": 14,
          "column": 0
        },
        "end": {
          "line": 22,
          "column": 2
        }
      },
      "7": {
        "start": {
          "line": 15,
          "column": 2
        },
        "end": {
          "line": 15,
          "column": 18
        }
      },
      "8": {
        "start": {
          "line": 15,
          "column": 12
        },
        "end": {
          "line": 15,
          "column": 18
        }
      },
      "9": {
        "start": {
          "line": 16,
          "column": 47
        },
        "end": {
          "line": 16,
          "column": 50
        }
      },
      "10": {
        "start": {
          "line": 17,
          "column": 2
        },
        "end": {
          "line": 21,
          "column": 3
        }
      },
      "11": {
        "start": {
          "line": 18,
          "column": 4
        },
        "end": {
          "line": 18,
          "column": 65
        }
      },
      "12": {
        "start": {
          "line": 20,
          "column": 4
        },
        "end": {
          "line": 20,
          "column": 56
        }
      }
    },
    "fnMap": {
      "0": {
        "name": "_sfc_render",
        "decl": {
          "start": {
            "line": 4,
            "column": 9
          },
          "end": {
            "line": 4,
            "column": 20
          }
        },
        "loc": {
          "start": {
            "line": 4,
            "column": 35
          },
          "end": {
            "line": 6,
            "column": 1
          }
        },
        "line": 4
      },
      "1": {
        "name": "(anonymous_1)",
        "decl": {
          "start": {
            "line": 11,
            "column": 35
          },
          "end": {
            "line": 11,
            "column": 36
          }
        },
        "loc": {
          "start": {
            "line": 11,
            "column": 49
          },
          "end": {
            "line": 13,
            "column": 1
          }
        },
        "line": 11
      },
      "2": {
        "name": "(anonymous_2)",
        "decl": {
          "start": {
            "line": 14,
            "column": 23
          },
          "end": {
            "line": 14,
            "column": 24
          }
        },
        "loc": {
          "start": {
            "line": 14,
            "column": 30
          },
          "end": {
            "line": 22,
            "column": 1
          }
        },
        "line": 14
      }
    },
    "branchMap": {
      "0": {
        "loc": {
          "start": {
            "line": 10,
            "column": 0
          },
          "end": {
            "line": 10,
            "column": 108
          }
        },
        "type": "binary-expr",
        "locations": [
          {
            "start": {
              "line": 10,
              "column": 0
            },
            "end": {
              "line": 10,
              "column": 42
            }
          },
          {
            "start": {
              "line": 10,
              "column": 46
            },
            "end": {
              "line": 10,
              "column": 108
            }
          }
        ],
        "line": 10
      },
      "1": {
        "loc": {
          "start": {
            "line": 15,
            "column": 2
          },
          "end": {
            "line": 15,
            "column": 18
          }
        },
        "type": "if",
        "locations": [
          {
            "start": {
              "line": 15,
              "column": 2
            },
            "end": {
              "line": 15,
              "column": 18
            }
          },
          {
            "start": {},
            "end": {}
          }
        ],
        "line": 15
      },
      "2": {
        "loc": {
          "start": {
            "line": 17,
            "column": 2
          },
          "end": {
            "line": 21,
            "column": 3
          }
        },
        "type": "if",
        "locations": [
          {
            "start": {
              "line": 17,
              "column": 2
            },
            "end": {
              "line": 21,
              "column": 3
            }
          },
          {
            "start": {
              "line": 19,
              "column": 9
            },
            "end": {
              "line": 21,
              "column": 3
            }
          }
        ],
        "line": 17
      }
    },
    "s": {
      "0": 6,
      "1": 6,
      "2": 6,
      "3": 6,
      "4": 6,
      "5": 0,
      "6": 6,
      "7": 0,
      "8": 0,
      "9": 0,
      "10": 0,
      "11": 0,
      "12": 0
    },
    "f": {
      "0": 6,
      "1": 0,
      "2": 0
    },
    "b": {
      "0": [
        6,
        6
      ],
      "1": [
        0,
        0
      ],
      "2": [
        0,
        0
      ]
    },
    "inputSourceMap": {
      "version": 3,
      "sources": [
        "/Users/anouvene/Documents/DYMA/DEVOPS/Github-actions/Demos/cicd-docker/frontend/src/views/AppHome.vue"
      ],
      "names": [],
      "mappings": ";;;wBAGE,oBAAa,YAAT,MAAI"
    },
    "_coverageSchema": "1a1c01bbd47fc00a2c39e90264f33305004495a9",
    "hash": "b3274bd3938a3725caac3ed8d14b20c984388fd4"
  },
  "/Users/anouvene/Documents/DYMA/DEVOPS/Github-actions/Demos/cicd-docker/frontend/src/views/AppLogin.vue": {
    "path": "/Users/anouvene/Documents/DYMA/DEVOPS/Github-actions/Demos/cicd-docker/frontend/src/views/AppLogin.vue",
    "statementMap": {
      "0": {
        "start": {
          "line": 7,
          "column": 34
        },
        "end": {
          "line": 36,
          "column": 2
        }
      },
      "1": {
        "start": {
          "line": 10,
          "column": 4
        },
        "end": {
          "line": 10,
          "column": 15
        }
      },
      "2": {
        "start": {
          "line": 11,
          "column": 19
        },
        "end": {
          "line": 11,
          "column": 30
        }
      },
      "3": {
        "start": {
          "line": 12,
          "column": 22
        },
        "end": {
          "line": 12,
          "column": 31
        }
      },
      "4": {
        "start": {
          "line": 13,
          "column": 29
        },
        "end": {
          "line": 18,
          "column": 5
        }
      },
      "5": {
        "start": {
          "line": 19,
          "column": 40
        },
        "end": {
          "line": 21,
          "column": 6
        }
      },
      "6": {
        "start": {
          "line": 22,
          "column": 19
        },
        "end": {
          "line": 29,
          "column": 6
        }
      },
      "7": {
        "start": {
          "line": 23,
          "column": 6
        },
        "end": {
          "line": 28,
          "column": 7
        }
      },
      "8": {
        "start": {
          "line": 24,
          "column": 8
        },
        "end": {
          "line": 24,
          "column": 41
        }
      },
      "9": {
        "start": {
          "line": 25,
          "column": 8
        },
        "end": {
          "line": 25,
          "column": 31
        }
      },
      "10": {
        "start": {
          "line": 27,
          "column": 8
        },
        "end": {
          "line": 27,
          "column": 35
        }
      },
      "11": {
        "start": {
          "line": 30,
          "column": 60
        },
        "end": {
          "line": 30,
          "column": 77
        }
      },
      "12": {
        "start": {
          "line": 31,
          "column": 66
        },
        "end": {
          "line": 31,
          "column": 86
        }
      },
      "13": {
        "start": {
          "line": 32,
          "column": 25
        },
        "end": {
          "line": 32,
          "column": 151
        }
      },
      "14": {
        "start": {
          "line": 33,
          "column": 4
        },
        "end": {
          "line": 33,
          "column": 95
        }
      },
      "15": {
        "start": {
          "line": 34,
          "column": 4
        },
        "end": {
          "line": 34,
          "column": 24
        }
      },
      "16": {
        "start": {
          "line": 38,
          "column": 19
        },
        "end": {
          "line": 38,
          "column": 103
        }
      },
      "17": {
        "start": {
          "line": 39,
          "column": 19
        },
        "end": {
          "line": 39,
          "column": 56
        }
      },
      "18": {
        "start": {
          "line": 40,
          "column": 19
        },
        "end": {
          "line": 43,
          "column": 1
        }
      },
      "19": {
        "start": {
          "line": 44,
          "column": 19
        },
        "end": {
          "line": 44,
          "column": 56
        }
      },
      "20": {
        "start": {
          "line": 45,
          "column": 19
        },
        "end": {
          "line": 48,
          "column": 1
        }
      },
      "21": {
        "start": {
          "line": 50,
          "column": 2
        },
        "end": {
          "line": 144,
          "column": 5
        }
      },
      "22": {
        "start": {
          "line": 54,
          "column": 57
        },
        "end": {
          "line": 54,
          "column": 96
        }
      },
      "23": {
        "start": {
          "line": 80,
          "column": 75
        },
        "end": {
          "line": 80,
          "column": 101
        }
      },
      "24": {
        "start": {
          "line": 113,
          "column": 75
        },
        "end": {
          "line": 113,
          "column": 104
        }
      },
      "25": {
        "start": {
          "line": 147,
          "column": 0
        },
        "end": {
          "line": 147,
          "column": 31
        }
      },
      "26": {
        "start": {
          "line": 148,
          "column": 0
        },
        "end": {
          "line": 148,
          "column": 109
        }
      },
      "27": {
        "start": {
          "line": 149,
          "column": 0
        },
        "end": {
          "line": 151,
          "column": 3
        }
      },
      "28": {
        "start": {
          "line": 150,
          "column": 2
        },
        "end": {
          "line": 150,
          "column": 42
        }
      },
      "29": {
        "start": {
          "line": 152,
          "column": 0
        },
        "end": {
          "line": 160,
          "column": 3
        }
      },
      "30": {
        "start": {
          "line": 153,
          "column": 2
        },
        "end": {
          "line": 153,
          "column": 19
        }
      },
      "31": {
        "start": {
          "line": 153,
          "column": 12
        },
        "end": {
          "line": 153,
          "column": 19
        }
      },
      "32": {
        "start": {
          "line": 154,
          "column": 47
        },
        "end": {
          "line": 154,
          "column": 50
        }
      },
      "33": {
        "start": {
          "line": 155,
          "column": 2
        },
        "end": {
          "line": 159,
          "column": 3
        }
      },
      "34": {
        "start": {
          "line": 156,
          "column": 4
        },
        "end": {
          "line": 156,
          "column": 66
        }
      },
      "35": {
        "start": {
          "line": 158,
          "column": 4
        },
        "end": {
          "line": 158,
          "column": 57
        }
      }
    },
    "fnMap": {
      "0": {
        "name": "(anonymous_0)",
        "decl": {
          "start": {
            "line": 9,
            "column": 2
          },
          "end": {
            "line": 9,
            "column": 3
          }
        },
        "loc": {
          "start": {
            "line": 9,
            "column": 39
          },
          "end": {
            "line": 35,
            "column": 3
          }
        },
        "line": 9
      },
      "1": {
        "name": "(anonymous_1)",
        "decl": {
          "start": {
            "line": 22,
            "column": 32
          },
          "end": {
            "line": 22,
            "column": 33
          }
        },
        "loc": {
          "start": {
            "line": 22,
            "column": 53
          },
          "end": {
            "line": 29,
            "column": 5
          }
        },
        "line": 22
      },
      "2": {
        "name": "_sfc_render",
        "decl": {
          "start": {
            "line": 49,
            "column": 9
          },
          "end": {
            "line": 49,
            "column": 20
          }
        },
        "loc": {
          "start": {
            "line": 49,
            "column": 68
          },
          "end": {
            "line": 145,
            "column": 1
          }
        },
        "line": 49
      },
      "3": {
        "name": "(anonymous_3)",
        "decl": {
          "start": {
            "line": 54,
            "column": 44
          },
          "end": {
            "line": 54,
            "column": 45
          }
        },
        "loc": {
          "start": {
            "line": 54,
            "column": 57
          },
          "end": {
            "line": 54,
            "column": 96
          }
        },
        "line": 54
      },
      "4": {
        "name": "(anonymous_4)",
        "decl": {
          "start": {
            "line": 80,
            "column": 63
          },
          "end": {
            "line": 80,
            "column": 64
          }
        },
        "loc": {
          "start": {
            "line": 80,
            "column": 75
          },
          "end": {
            "line": 80,
            "column": 101
          }
        },
        "line": 80
      },
      "5": {
        "name": "(anonymous_5)",
        "decl": {
          "start": {
            "line": 113,
            "column": 63
          },
          "end": {
            "line": 113,
            "column": 64
          }
        },
        "loc": {
          "start": {
            "line": 113,
            "column": 75
          },
          "end": {
            "line": 113,
            "column": 104
          }
        },
        "line": 113
      },
      "6": {
        "name": "(anonymous_6)",
        "decl": {
          "start": {
            "line": 149,
            "column": 35
          },
          "end": {
            "line": 149,
            "column": 36
          }
        },
        "loc": {
          "start": {
            "line": 149,
            "column": 49
          },
          "end": {
            "line": 151,
            "column": 1
          }
        },
        "line": 149
      },
      "7": {
        "name": "(anonymous_7)",
        "decl": {
          "start": {
            "line": 152,
            "column": 23
          },
          "end": {
            "line": 152,
            "column": 24
          }
        },
        "loc": {
          "start": {
            "line": 152,
            "column": 32
          },
          "end": {
            "line": 160,
            "column": 1
          }
        },
        "line": 152
      }
    },
    "branchMap": {
      "0": {
        "loc": {
          "start": {
            "line": 54,
            "column": 18
          },
          "end": {
            "line": 54,
            "column": 97
          }
        },
        "type": "binary-expr",
        "locations": [
          {
            "start": {
              "line": 54,
              "column": 18
            },
            "end": {
              "line": 54,
              "column": 27
            }
          },
          {
            "start": {
              "line": 54,
              "column": 32
            },
            "end": {
              "line": 54,
              "column": 96
            }
          }
        ],
        "line": 54
      },
      "1": {
        "loc": {
          "start": {
            "line": 54,
            "column": 57
          },
          "end": {
            "line": 54,
            "column": 96
          }
        },
        "type": "binary-expr",
        "locations": [
          {
            "start": {
              "line": 54,
              "column": 57
            },
            "end": {
              "line": 54,
              "column": 70
            }
          },
          {
            "start": {
              "line": 54,
              "column": 74
            },
            "end": {
              "line": 54,
              "column": 96
            }
          }
        ],
        "line": 54
      },
      "2": {
        "loc": {
          "start": {
            "line": 58,
            "column": 8
          },
          "end": {
            "line": 64,
            "column": 10
          }
        },
        "type": "binary-expr",
        "locations": [
          {
            "start": {
              "line": 58,
              "column": 8
            },
            "end": {
              "line": 58,
              "column": 17
            }
          },
          {
            "start": {
              "line": 58,
              "column": 22
            },
            "end": {
              "line": 64,
              "column": 9
            }
          }
        ],
        "line": 58
      },
      "3": {
        "loc": {
          "start": {
            "line": 66,
            "column": 10
          },
          "end": {
            "line": 75,
            "column": 12
          }
        },
        "type": "binary-expr",
        "locations": [
          {
            "start": {
              "line": 66,
              "column": 10
            },
            "end": {
              "line": 66,
              "column": 19
            }
          },
          {
            "start": {
              "line": 66,
              "column": 24
            },
            "end": {
              "line": 75,
              "column": 11
            }
          }
        ],
        "line": 66
      },
      "4": {
        "loc": {
          "start": {
            "line": 80,
            "column": 37
          },
          "end": {
            "line": 80,
            "column": 102
          }
        },
        "type": "binary-expr",
        "locations": [
          {
            "start": {
              "line": 80,
              "column": 37
            },
            "end": {
              "line": 80,
              "column": 46
            }
          },
          {
            "start": {
              "line": 80,
              "column": 51
            },
            "end": {
              "line": 80,
              "column": 101
            }
          }
        ],
        "line": 80
      },
      "5": {
        "loc": {
          "start": {
            "line": 90,
            "column": 10
          },
          "end": {
            "line": 96,
            "column": 48
          }
        },
        "type": "cond-expr",
        "locations": [
          {
            "start": {
              "line": 90,
              "column": 31
            },
            "end": {
              "line": 96,
              "column": 11
            }
          },
          {
            "start": {
              "line": 96,
              "column": 15
            },
            "end": {
              "line": 96,
              "column": 48
            }
          }
        ],
        "line": 90
      },
      "6": {
        "loc": {
          "start": {
            "line": 99,
            "column": 10
          },
          "end": {
            "line": 108,
            "column": 12
          }
        },
        "type": "binary-expr",
        "locations": [
          {
            "start": {
              "line": 99,
              "column": 10
            },
            "end": {
              "line": 99,
              "column": 19
            }
          },
          {
            "start": {
              "line": 99,
[...]
              "column": 11
            }
          },
          {
            "start": {
              "line": 101,
              "column": 15
            },
            "end": {
              "line": 101,
              "column": 48
            }
          }
        ],
        "line": 95
      },
      "6": {
        "loc": {
          "start": {
            "line": 104,
            "column": 10
          },
          "end": {
            "line": 113,
            "column": 12
          }
        },
        "type": "binary-expr",
        "locations": [
          {
            "start": {
              "line": 104,
              "column": 10
            },
            "end": {
              "line": 104,
              "column": 19
            }
          },
          {
            "start": {
              "line": 104,
              "column": 24
            },
            "end": {
              "line": 113,
              "column": 11
            }
          }
        ],
        "line": 104
      },
      "7": {
        "loc": {
          "start": {
            "line": 117,
            "column": 37
          },
          "end": {
            "line": 117,
            "column": 102
          }
        },
        "type": "binary-expr",
        "locations": [
          {
            "start": {
              "line": 117,
              "column": 37
            },
            "end": {
              "line": 117,
              "column": 46
            }
          },
          {
            "start": {
              "line": 117,
              "column": 51
            },
            "end": {
              "line": 117,
              "column": 101
            }
          }
        ],
        "line": 117
      },
      "8": {
        "loc": {
          "start": {
            "line": 127,
            "column": 10
          },
          "end": {
            "line": 133,
            "column": 48
          }
        },
        "type": "cond-expr",
        "locations": [
          {
            "start": {
              "line": 127,
              "column": 31
            },
            "end": {
              "line": 133,
              "column": 11
            }
          },
          {
            "start": {
              "line": 133,
              "column": 15
            },
            "end": {
              "line": 133,
              "column": 48
            }
          }
        ],
        "line": 127
      },
      "9": {
        "loc": {
          "start": {
            "line": 136,
            "column": 10
          },
          "end": {
            "line": 145,
            "column": 12
          }
        },
        "type": "binary-expr",
        "locations": [
          {
            "start": {
              "line": 136,
              "column": 10
            },
            "end": {
              "line": 136,
              "column": 19
            }
          },
          {
            "start": {
              "line": 136,
              "column": 24
            },
            "end": {
              "line": 145,
              "column": 11
            }
          }
        ],
        "line": 136
      },
      "10": {
        "loc": {
          "start": {
            "line": 149,
            "column": 37
          },
          "end": {
            "line": 149,
            "column": 105
          }
        },
        "type": "binary-expr",
        "locations": [
          {
            "start": {
              "line": 149,
              "column": 37
            },
            "end": {
              "line": 149,
              "column": 46
            }
          },
          {
            "start": {
              "line": 149,
              "column": 51
            },
            "end": {
              "line": 149,
              "column": 104
            }
          }
        ],
        "line": 149
      },
      "11": {
        "loc": {
          "start": {
            "line": 159,
            "column": 10
          },
          "end": {
            "line": 165,
            "column": 48
          }
        },
        "type": "cond-expr",
        "locations": [
          {
            "start": {
              "line": 159,
              "column": 34
            },
            "end": {
              "line": 165,
              "column": 11
            }
          },
          {
            "start": {
              "line": 165,
              "column": 15
            },
            "end": {
              "line": 165,
              "column": 48
            }
          }
        ],
        "line": 159
      },
      "12": {
        "loc": {
          "start": {
            "line": 167,
            "column": 8
          },
          "end": {
            "line": 175,
            "column": 10
          }
        },
        "type": "binary-expr",
        "locations": [
          {
            "start": {
              "line": 167,
              "column": 8
            },
            "end": {
              "line": 167,
              "column": 17
            }
          },
          {
            "start": {
              "line": 167,
              "column": 22
            },
            "end": {
              "line": 175,
              "column": 9
            }
          }
        ],
        "line": 167
      },
      "13": {
        "loc": {
          "start": {
            "line": 184,
            "column": 0
          },
          "end": {
            "line": 184,
            "column": 108
          }
        },
        "type": "binary-expr",
        "locations": [
          {
            "start": {
              "line": 184,
              "column": 0
            },
            "end": {
              "line": 184,
              "column": 42
            }
          },
          {
            "start": {
              "line": 184,
              "column": 46
            },
            "end": {
              "line": 184,
              "column": 108
            }
          }
        ],
        "line": 184
      },
      "14": {
        "loc": {
          "start": {
            "line": 189,
            "column": 2
          },
          "end": {
            "line": 189,
            "column": 19
          }
        },
        "type": "if",
        "locations": [
          {
            "start": {
              "line": 189,
              "column": 2
            },
            "end": {
              "line": 189,
              "column": 19
            }
          },
          {
            "start": {},
            "end": {}
          }
        ],
        "line": 189
      },
      "15": {
        "loc": {
          "start": {
            "line": 191,
            "column": 2
          },
          "end": {
            "line": 195,
            "column": 3
          }
        },
        "type": "if",
        "locations": [
          {
            "start": {
              "line": 191,
              "column": 2
            },
            "end": {
              "line": 195,
              "column": 3
            }
          },
          {
            "start": {
              "line": 193,
              "column": 9
            },
            "end": {
              "line": 195,
              "column": 3
            }
          }
        ],
        "line": 191
      }
    },
    "s": {
      "0": 2,
      "1": 2,
      "2": 2,
      "3": 2,
      "4": 2,
      "5": 2,
      "6": 1,
      "7": 1,
      "8": 1,
      "9": 0,
      "10": 2,
      "11": 2,
      "12": 2,
      "13": 2,
      "14": 2,
      "15": 2,
      "16": 2,
      "17": 2,
      "18": 2,
      "19": 2,
      "20": 2,
      "21": 2,
      "22": 2,
      "23": 38,
      "24": 1,
      "25": 4,
      "26": 12,
      "27": 14,
      "28": 2,
      "29": 2,
      "30": 2,
      "31": 0,
      "32": 2,
      "33": 0,
      "34": 0,
      "35": 0,
      "36": 0,
      "37": 0,
      "38": 0
    },
    "f": {
      "0": 2,
      "1": 1,
      "2": 38,
      "3": 1,
      "4": 4,
      "5": 12,
      "6": 14,
      "7": 0,
      "8": 0
    },
    "b": {
      "0": [
        38,
        2
      ],
      "1": [
        1,
        1
      ],
      "2": [
        38,
        2
      ],
      "3": [
        38,
        2
      ],
      "4": [
        38,
        2
      ],
      "5": [
        2,
        36
      ],
      "6": [
        38,
        2
      ],
      "7": [
        38,
        2
      ],
      "8": [
        12,
        26
      ],
      "9": [
        38,
        2
      ],
      "10": [
        38,
        2
      ],
      "11": [
        5,
        33
      ],
      "12": [
        38,
        2
      ],
      "13": [
        2,
        2
      ],
      "14": [
        0,
        0
      ],
      "15": [
        0,
        0
      ]
    },
    "inputSourceMap": {
      "version": 3,
      "mappings": ";AACA,SAAS,SAAS;AAClB,SAAS,qBAAqB;AAC9B,SAAS,UAAU,eAAe;AAElC,SAAS,kBAAkB;AAC3B,SAAS,iBAAiB;;;;;AAE1B,UAAM,SAAS,UAAU;AAEzB,UAAM,mBAAmB;AAAA,MACvB,EAAE,OAAO;AAAA,QACP,MAAM,EAAE,OAAO,EAAE,gBAAgB,iCAAiC,CAAC,EAAE,IAAI,GAAG,YAAY;AAAA,QACxF,OAAO,EACJ,OAAO,EAAE,gBAAgB,iCAAiC,CAAC,EAC3D,MAAM,wBAAwB;AAAA,QACjC,UAAU,EACP,OAAO,EAAE,gBAAgB,iCAAiC,CAAC,EAC3D,IAAI,GAAG,qDAAkD;AAAA,MAC9D,CAAC;AAAA,IACH;AAEA,UAAM,EAAE,aAAa,IAAI,QAAQ;AAAA,MAC/B;AAAA,IACF,CAAC;AAED,UAAM,SAAS,aAAa,OAAO,cAA6B;AAC9D,UAAI;AACF,cAAM,WAAW,SAAS;AAC1B,eAAO,KAAK,YAAY;AAAA,MAC1B,SAAS,GAAG;AACV,gBAAQ,IAAI,CAAC;AAAA,MACf;AAAA,IACF,CAAC;AAED,UAAM,EAAE,OAAO,WAAW,cAAc,UAAU,IAAI,SAAS,MAAM;AACrE,UAAM,EAAE,OAAO,YAAY,cAAc,WAAW,IAAI,SAAS,OAAO;AACxE,UAAM,EAAE,OAAO,eAAe,cAAc,cAAc,IAAI,SAAS,UAAU;;;;;;;qBAI1E,OAAM,0EAAyE;qBAG3E,OAAM,2BAA0B;;EA5C3C;AAAA,EA+C4B,OAAM;;qBAEvB,OAAM,2BAA0B;;EAjD3C;AAAA,EAoD6B,OAAM;;qBAExB,OAAM,2BAA0B;;EAtD3C;AAAA,EAyDgC,OAAM;;;uBAhBpC,oBAsBM,OAtBN,YAsBM;AAAA,IArBJ;AAAA,MAoBO;AAAA;AAAA,QApBA,UAAM,uCAAE;AAAA,QAAQ,OAAM;AAAA;;kCAC3B;AAAA,UAAkC;AAAA,YAA9B,OAAM,QAAO;AAAA,UAAC;AAAA,UAAW;AAAA;AAAA;AAAA,QAC7B,oBAIM,OAJN,YAIM;AAAA,oCAHJ;AAAA,YAA2C;AAAA;AAAA,cAApC,KAAI;AAAA,cAAO,OAAM;AAAA;YAAO;AAAA,YAAI;AAAA;AAAA;AAAA,0BACnC;AAAA,YAAmD;AAAA;AAAA,cA9C3D,6DA8CwB,mBAAS;AAAA,cAAE,IAAG;AAAA,cAAO,MAAK;AAAA;;;;;0BAA1B,gBAAS;AAAA;UAChB,kCAAT;AAAA,YAA0D;AAAA,YAA1D;AAAA,YAA0D,iBAAhB,gBAAS;AAAA;AAAA;AAAA,eA/C3D;AAAA;QAiDM,oBAIM,OAJN,YAIM;AAAA,oCAHJ;AAAA,YAA8C;AAAA;AAAA,cAAvC,KAAI;AAAA,cAAQ,OAAM;AAAA;YAAO;AAAA,YAAM;AAAA;AAAA;AAAA,0BACtC;AAAA,YAAqD;AAAA;AAAA,cAnD7D,6DAmDwB,oBAAU;AAAA,cAAE,IAAG;AAAA,cAAQ,MAAK;AAAA;;;;;0BAA5B,iBAAU;AAAA;UACjB,mCAAT;AAAA,YAA4D;AAAA,YAA5D;AAAA,YAA4D,iBAAjB,iBAAU;AAAA;AAAA;AAAA,eApD7D;AAAA;QAsDM,oBAIM,OAJN,YAIM;AAAA,oCAHJ;AAAA,YAAuD;AAAA;AAAA,cAAhD,KAAI;AAAA,cAAW,OAAM;AAAA;YAAO;AAAA,YAAY;AAAA;AAAA;AAAA,0BAC/C;AAAA,YAA+D;AAAA;AAAA,cAxDvE,6DAwDwB,uBAAa;AAAA,cAAE,IAAG;AAAA,cAAW,MAAK;AAAA;;;;;0BAAlC,oBAAa;AAAA;UACpB,sCAAT;AAAA,YAAkE;AAAA,YAAlE;AAAA,YAAkE,iBAApB,oBAAa;AAAA;AAAA;AAAA,eAzDnE;AAAA;kCA2DM;AAAA,UAEM;AAAA;AAAA;AAAA,YADJ,oBAAoD,YAA5C,OAAM,kBAAiB,GAAC,aAAW;AAAA",
      "names": [],
      "ignoreList": [],
      "sources": [
        "/Users/anouvene/Documents/DYMA/DEVOPS/Github-actions/Demos/cicd-docker/frontend/src/views/AppSignup.vue"
      ],
      "file": "/Users/anouvene/Documents/DYMA/DEVOPS/Github-actions/Demos/cicd-docker/frontend/src/views/AppSignup.vue"
    },
    "_coverageSchema": "1a1c01bbd47fc00a2c39e90264f33305004495a9",
    "hash": "f607b7ad70c076068549556a450377ac8069267d"
  },
  "/Users/anouvene/Documents/DYMA/DEVOPS/Github-actions/Demos/cicd-docker/frontend/src/views/AppProfile.vue": {
    "path": "/Users/anouvene/Documents/DYMA/DEVOPS/Github-actions/Demos/cicd-docker/frontend/src/views/AppProfile.vue",
    "statementMap": {
      "0": {
        "start": {
          "line": 3,
          "column": 34
        },
        "end": {
          "line": 12,
          "column": 2
        }
      },
      "1": {
        "start": {
          "line": 6,
          "column": 4
        },
        "end": {
          "line": 6,
          "column": 15
        }
      },
      "2": {
        "start": {
          "line": 7,
          "column": 22
        },
        "end": {
          "line": 7,
          "column": 31
        }
      },
      "3": {
        "start": {
          "line": 8,
          "column": 25
        },
        "end": {
          "line": 8,
          "column": 38
        }
      },
      "4": {
        "start": {
          "line": 9,
          "column": 4
        },
        "end": {
          "line": 9,
          "column": 95
        }
      },
      "5": {
        "start": {
          "line": 10,
          "column": 4
        },
        "end": {
          "line": 10,
          "column": 24
        }
      },
      "6": {
        "start": {
          "line": 14,
          "column": 19
        },
        "end": {
          "line": 14,
          "column": 89
        }
      },
      "7": {
        "start": {
          "line": 15,
          "column": 19
        },
        "end": {
          "line": 15,
          "column": 36
        }
      },
      "8": {
        "start": {
          "line": 17,
          "column": 2
        },
        "end": {
          "line": 27,
          "column": 5
        }
      },
      "9": {
        "start": {
          "line": 30,
          "column": 0
        },
        "end": {
          "line": 30,
          "column": 31
        }
      },
      "10": {
        "start": {
          "line": 31,
          "column": 0
        },
        "end": {
          "line": 31,
          "column": 109
        }
      },
      "11": {
        "start": {
          "line": 32,
          "column": 0
        },
        "end": {
          "line": 34,
          "column": 3
        }
      },
      "12": {
        "start": {
          "line": 33,
          "column": 2
        },
        "end": {
          "line": 33,
          "column": 42
        }
      },
      "13": {
        "start": {
          "line": 35,
          "column": 0
        },
        "end": {
          "line": 43,
          "column": 3
        }
      },
      "14": {
        "start": {
          "line": 36,
          "column": 2
        },
        "end": {
          "line": 36,
          "column": 19
        }
      },
      "15": {
        "start": {
          "line": 36,
          "column": 12
        },
        "end": {
          "line": 36,
          "column": 19
        }
      },
      "16": {
        "start": {
          "line": 37,
          "column": 47
        },
        "end": {
          "line": 37,
          "column": 50
        }
      },
      "17": {
        "start": {
          "line": 38,
          "column": 2
        },
        "end": {
          "line": 42,
          "column": 3
        }
      },
      "18": {
        "start": {
          "line": 39,
          "column": 4
        },
        "end": {
          "line": 39,
          "column": 66
        }
      },
      "19": {
        "start": {
          "line": 41,
          "column": 4
        },
        "end": {
          "line": 41,
          "column": 57
        }
      }
    },
    "fnMap": {
      "0": {
        "name": "(anonymous_0)",
        "decl": {
          "start": {
            "line": 5,
            "column": 2
          },
          "end": {
            "line": 5,
            "column": 3
          }
        },
        "loc": {
          "start": {
            "line": 5,
            "column": 39
          },
          "end": {
            "line": 11,
            "column": 3
          }
        },
        "line": 5
      },
      "1": {
        "name": "_sfc_render",
        "decl": {
          "start": {
            "line": 16,
            "column": 9
          },
          "end": {
            "line": 16,
            "column": 20
          }
        },
        "loc": {
          "start": {
            "line": 16,
            "column": 68
          },
          "end": {
            "line": 28,
            "column": 1
          }
        },
        "line": 16
      },
      "2": {
        "name": "(anonymous_2)",
        "decl": {
          "start": {
            "line": 32,
            "column": 35
          },
          "end": {
            "line": 32,
            "column": 36
          }
        },
        "loc": {
          "start": {
            "line": 32,
            "column": 49
          },
          "end": {
            "line": 34,
            "column": 1
          }
        },
        "line": 32
      },
      "3": {
        "name": "(anonymous_3)",
        "decl": {
          "start": {
            "line": 35,
            "column": 23
          },
          "end": {
            "line": 35,
            "column": 24
          }
        },
        "loc": {
          "start": {
            "line": 35,
            "column": 32
          },
          "end": {
            "line": 43,
            "column": 1
          }
        },
        "line": 35
      }
    },
    "branchMap": {
      "0": {
        "loc": {
          "start": {
            "line": 31,
            "column": 0
          },
          "end": {
            "line": 31,
            "column": 108
          }
        },
        "type": "binary-expr",
        "locations": [
          {
            "start": {
              "line": 31,
              "column": 0
            },
            "end": {
              "line": 31,
              "column": 42
            }
          },
          {
            "start": {
              "line": 31,
              "column": 46
            },
            "end": {
              "line": 31,
              "column": 108
            }
          }
        ],
        "line": 31
      },
      "1": {
        "loc": {
          "start": {
            "line": 36,
            "column": 2
          },
          "end": {
            "line": 36,
            "column": 19
          }
        },
        "type": "if",
        "locations": [
          {
            "start": {
              "line": 36,
              "column": 2
            },
            "end": {
              "line": 36,
              "column": 19
            }
          },
          {
            "start": {},
            "end": {}
          }
        ],
        "line": 36
      },
      "2": {
        "loc": {
          "start": {
            "line": 38,
            "column": 2
          },
          "end": {
            "line": 42,
            "column": 3
          }
        },
        "type": "if",
        "locations": [
          {
            "start": {
              "line": 38,
              "column": 2
            },
            "end": {
              "line": 42,
              "column": 3
            }
          },
          {
            "start": {
              "line": 40,
              "column": 9
            },
            "end": {
              "line": 42,
              "column": 3
            }
          }
        ],
        "line": 38
      }
    },
    "s": {
      "0": 3,
      "1": 3,
      "2": 3,
      "3": 3,
      "4": 3,
      "5": 3,
      "6": 3,
      "7": 3,
      "8": 4,
      "9": 3,
      "10": 3,
      "11": 3,
      "12": 0,
      "13": 3,
      "14": 0,
      "15": 0,
      "16": 0,
      "17": 0,
      "18": 0,
      "19": 0
    },
    "f": {
      "0": 3,
      "1": 4,
      "2": 0,
      "3": 0
    },
    "b": {
      "0": [
        3,
        3
      ],
      "1": [
        0,
        0
      ],
      "2": [
        0,
        0
      ]
    },
    "inputSourceMap": {
      "version": 3,
      "mappings": ";AACA,SAAS,eAAe;;;;;AAExB,UAAM,YAAY,QAAQ;;;;;;;qBAInB,OAAM,4DAA2D;qBAC/D,OAAM,OAAM;;uBADnB,oBAIM,OAJN,YAIM;AAAA,IAHJ,oBAEM,OAFN,YAEM;AAAA,MADJ;AAAA,QAAsC;AAAA;AAAA,yBAA9B,iBAAU,WAAW;AAAA;AAAA;AAAA;AAAA",
      "names": [],
      "ignoreList": [],
      "sources": [
        "/Users/anouvene/Documents/DYMA/DEVOPS/Github-actions/Demos/cicd-docker/frontend/src/views/AppProfile.vue"
      ],
      "file": "/Users/anouvene/Documents/DYMA/DEVOPS/Github-actions/Demos/cicd-docker/frontend/src/views/AppProfile.vue"
    },
    "_coverageSchema": "1a1c01bbd47fc00a2c39e90264f33305004495a9",
    "hash": "5f7c259a65bff8b0ae6dcebc1771d54c1815ba3f"
  }
}